
> pos-system@0.1.0 start
> next start

Γû▓ Next.js 16.1.6
- Local:         http://localhost:3000
- Network:       http://192.168.56.1:3000

Γ£ô Starting...
node.exe : ΓÜá Warning: 
Next.js inferred your 
workspace root, but it 
may not be correct.
At line:1 char:1
+ & "C:\Program 
Files\nodejs/node.exe" 
"C:\Users\Dzaky 
Ahnaf\AppData\Ro ...
+ ~~~~~~~~~~~~~~~~~~~~~~~
~~~~~~~~~~~~~~~~~~~~~~~~~
~~~~~~~~~~~~~~~~~~~~~
    + CategoryInfo       
       : NotSpecified:   
  (ΓÜá Warning: Ne...n   
 ot be correct.:Strin    
g) [], RemoteExcepti    
on
    + FullyQualifiedErro 
   rId : NativeCommandE  
  rror
 
 We detected multiple 
lockfiles and selected 
the directory of 
C:\Users\Dzaky 
Ahnaf\pnpm-lock.yaml as 
the root directory.
 To silence this 
warning, set 
`outputFileTracingRoot` 
in your Next.js config, 
or consider removing one 
of the lockfiles if it's 
not needed.
   See https://nextjs.org
/docs/app/api-reference/c
onfig/next-config-js/outp
ut#caveats for more 
information.
 Detected additional 
lockfiles: 
   * C:\Users\Dzaky Ahnaf
\kerja\startfriday\pos-sy
stem\package-lock.json

Γ£ô Ready in 699ms
[Olsera API] Fetching: https://api-open.olsera.co.id/api/open-api/v1/en/order/openorder?_t=1775468641009
[Olsera API] Request 
failed: 406 - 
/order/openorder {"error"
:{"store":"Rakken Coffee"
,"status_code":406,"messa
ge":"Customer with the 
same email found","error"
:{"customer_email":["Cust
omer with the same email 
found"],"customer_phone":
["Data customer type 
does not exist"]}}}
Olsera createOrder error 
details: {"error":{"store
":"Rakken Coffee","status
_code":406,"message":"Cus
tomer with the same 
email found","error":{"cu
stomer_email":["Customer 
with the same email found
"],"customer_phone":["Dat
a customer type does not 
exist"]}}}
CRITICAL: Could not 
create POS order in 
Olsera: Error: Failed to 
create order header: 406 
- {"error":{"store":"Rakk
en Coffee","status_code":
406,"message":"Customer 
with the same email found
","error":{"customer_emai
l":["Customer with the 
same email found"],"custo
mer_phone":["Data 
customer type does not 
exist"]}}}
    at Module.c 
(C:\Users\Dzaky Ahnaf\ker
ja\startfriday\pos-system
\.next\server\chunks\[roo
t-of-the-server]__46ab902
0._.js:1:4877)
    at async Module.l 
(C:\Users\Dzaky Ahnaf\ker
ja\startfriday\pos-system
\.next\server\chunks\[roo
t-of-the-server]__46ab902
0._.js:1:9992)
    at async f 
(C:\Users\Dzaky Ahnaf\ker
ja\startfriday\pos-system
\.next\server\chunks\[roo
t-of-the-server]__d435674
b._.js:1:1703)
    at async d 
(C:\Users\Dzaky Ahnaf\ker
ja\startfriday\pos-system
\.next\server\chunks\[roo
t-of-the-server]__d435674
b._.js:1:5734)
    at async l 
(C:\Users\Dzaky Ahnaf\ker
ja\startfriday\pos-system
\.next\server\chunks\[roo
t-of-the-server]__d435674
b._.js:1:6775)
    at async Module.k 
(C:\Users\Dzaky Ahnaf\ker
ja\startfriday\pos-system
\.next\server\chunks\[roo
t-of-the-server]__d435674
b._.js:1:7853)
Error creating payment: 
Error: Gagal 
menyinkronkan pesanan 
dengan sistem POS. Harap 
coba lagi atau hubungi 
kasir.
    at f (C:\Users\Dzaky 
Ahnaf\kerja\startfriday\p
os-system\.next\server\ch
unks\[root-of-the-server]
__d435674b._.js:1:1970)
    at async d 
(C:\Users\Dzaky Ahnaf\ker
ja\startfriday\pos-system
\.next\server\chunks\[roo
t-of-the-server]__d435674
b._.js:1:5734)
    at async l 
(C:\Users\Dzaky Ahnaf\ker
ja\startfriday\pos-system
\.next\server\chunks\[roo
t-of-the-server]__d435674
b._.js:1:6775)
    at async Module.k 
(C:\Users\Dzaky Ahnaf\ker
ja\startfriday\pos-system
\.next\server\chunks\[roo
t-of-the-server]__d435674
b._.js:1:7853)
